2020-07-31 12:26:38.948  INFO 5348 --- [main] com.zwk.BlogApplicationTests             : Starting BlogApplicationTests on DESKTOP-11MH91A with PID 5348 (started by mrz in D:\IdeaFile\blog)
2020-07-31 12:26:38.954 DEBUG 5348 --- [main] com.zwk.BlogApplicationTests             : Running with Spring Boot v2.3.1.RELEASE, Spring v5.2.7.RELEASE
2020-07-31 12:26:38.955  INFO 5348 --- [main] com.zwk.BlogApplicationTests             : No active profile set, falling back to default profiles: default
2020-07-31 12:26:41.644  INFO 5348 --- [main] trationDelegate$BeanPostProcessorChecker : Bean 'shiroConfig' of type [com.zwk.config.ShiroConfig$$EnhancerBySpringCGLIB$$34fed8d0] is not eligible for getting processed by all BeanPostProcessors (for example: not eligible for auto-proxying)
2020-07-31 12:26:42.016  INFO 5348 --- [main] trationDelegate$BeanPostProcessorChecker : Bean 'mybatis-plus-com.baomidou.mybatisplus.autoconfigure.MybatisPlusProperties' of type [com.baomidou.mybatisplus.autoconfigure.MybatisPlusProperties] is not eligible for getting processed by all BeanPostProcessors (for example: not eligible for auto-proxying)
2020-07-31 12:26:42.110  INFO 5348 --- [main] trationDelegate$BeanPostProcessorChecker : Bean 'com.baomidou.mybatisplus.autoconfigure.MybatisPlusAutoConfiguration' of type [com.baomidou.mybatisplus.autoconfigure.MybatisPlusAutoConfiguration$$EnhancerBySpringCGLIB$$66c94791] is not eligible for getting processed by all BeanPostProcessors (for example: not eligible for auto-proxying)
2020-07-31 12:26:42.137  INFO 5348 --- [main] trationDelegate$BeanPostProcessorChecker : Bean 'com.alibaba.druid.spring.boot.autoconfigure.DruidDataSourceAutoConfigure' of type [com.alibaba.druid.spring.boot.autoconfigure.DruidDataSourceAutoConfigure$$EnhancerBySpringCGLIB$$42acd069] is not eligible for getting processed by all BeanPostProcessors (for example: not eligible for auto-proxying)
2020-07-31 12:26:42.164  INFO 5348 --- [main] c.a.d.s.b.a.DruidDataSourceAutoConfigure : Init DruidDataSource
2020-07-31 12:26:42.430  INFO 5348 --- [main] trationDelegate$BeanPostProcessorChecker : Bean 'spring.datasource-org.springframework.boot.autoconfigure.jdbc.DataSourceProperties' of type [org.springframework.boot.autoconfigure.jdbc.DataSourceProperties] is not eligible for getting processed by all BeanPostProcessors (for example: not eligible for auto-proxying)
2020-07-31 12:26:42.976  INFO 5348 --- [main] com.alibaba.druid.pool.DruidDataSource   : {dataSource-1} inited
2020-07-31 12:26:42.976  INFO 5348 --- [main] trationDelegate$BeanPostProcessorChecker : Bean 'dataSource' of type [com.alibaba.druid.spring.boot.autoconfigure.DruidDataSourceWrapper] is not eligible for getting processed by all BeanPostProcessors (for example: not eligible for auto-proxying)
2020-07-31 12:26:43.267  INFO 5348 --- [main] trationDelegate$BeanPostProcessorChecker : Bean 'org.springframework.boot.autoconfigure.jdbc.DataSourceInitializerInvoker' of type [org.springframework.boot.autoconfigure.jdbc.DataSourceInitializerInvoker] is not eligible for getting processed by all BeanPostProcessors (for example: not eligible for auto-proxying)
2020-07-31 12:26:43.365  INFO 5348 --- [main] trationDelegate$BeanPostProcessorChecker : Bean 'myMetaObjectHandler' of type [com.zwk.handler.MyMetaObjectHandler] is not eligible for getting processed by all BeanPostProcessors (for example: not eligible for auto-proxying)
2020-07-31 12:26:44.783  INFO 5348 --- [main] trationDelegate$BeanPostProcessorChecker : Bean 'sqlSessionFactory' of type [org.apache.ibatis.session.defaults.DefaultSqlSessionFactory] is not eligible for getting processed by all BeanPostProcessors (for example: not eligible for auto-proxying)
2020-07-31 12:26:44.814  INFO 5348 --- [main] trationDelegate$BeanPostProcessorChecker : Bean 'sqlSessionTemplate' of type [org.mybatis.spring.SqlSessionTemplate] is not eligible for getting processed by all BeanPostProcessors (for example: not eligible for auto-proxying)
2020-07-31 12:26:44.825  INFO 5348 --- [main] trationDelegate$BeanPostProcessorChecker : Bean 'userMapper' of type [org.mybatis.spring.mapper.MapperFactoryBean] is not eligible for getting processed by all BeanPostProcessors (for example: not eligible for auto-proxying)
2020-07-31 12:26:44.834  INFO 5348 --- [main] trationDelegate$BeanPostProcessorChecker : Bean 'userMapper' of type [com.sun.proxy.$Proxy78] is not eligible for getting processed by all BeanPostProcessors (for example: not eligible for auto-proxying)
2020-07-31 12:26:44.858  INFO 5348 --- [main] trationDelegate$BeanPostProcessorChecker : Bean 'userServiceImpl' of type [com.zwk.service.UserServiceImpl] is not eligible for getting processed by all BeanPostProcessors (for example: not eligible for auto-proxying)
2020-07-31 12:26:44.860  INFO 5348 --- [main] trationDelegate$BeanPostProcessorChecker : Bean 'userRelam' of type [com.zwk.config.UserRelam] is not eligible for getting processed by all BeanPostProcessors (for example: not eligible for auto-proxying)
2020-07-31 12:26:45.530  INFO 5348 --- [main] trationDelegate$BeanPostProcessorChecker : Bean 'getDefaultWebSecurityManager' of type [org.apache.shiro.web.mgt.DefaultWebSecurityManager] is not eligible for getting processed by all BeanPostProcessors (for example: not eligible for auto-proxying)
2020-07-31 12:26:47.061  INFO 5348 --- [main] o.s.s.concurrent.ThreadPoolTaskExecutor  : Initializing ExecutorService 'applicationTaskExecutor'
2020-07-31 12:26:47.304  INFO 5348 --- [main] o.s.b.a.w.s.WelcomePageHandlerMapping    : Adding welcome page template: index
2020-07-31 12:26:48.179  INFO 5348 --- [main] com.zwk.BlogApplicationTests             : Started BlogApplicationTests in 10.154 seconds (JVM running for 13.488)
2020-07-31 12:26:49.157  INFO 5348 --- [SpringContextShutdownHook] o.s.s.concurrent.ThreadPoolTaskExecutor  : Shutting down ExecutorService 'applicationTaskExecutor'
2020-07-31 12:26:49.160  INFO 5348 --- [SpringContextShutdownHook] com.alibaba.druid.pool.DruidDataSource   : {dataSource-1} closing ...
2020-07-31 12:26:49.167  INFO 5348 --- [SpringContextShutdownHook] com.alibaba.druid.pool.DruidDataSource   : {dataSource-1} closed
2020-07-31 12:30:59.102  INFO 16048 --- [main] com.zwk.BlogApplicationTests             : Starting BlogApplicationTests on DESKTOP-11MH91A with PID 16048 (started by mrz in D:\IdeaFile\blog)
2020-07-31 12:30:59.104 DEBUG 16048 --- [main] com.zwk.BlogApplicationTests             : Running with Spring Boot v2.3.1.RELEASE, Spring v5.2.7.RELEASE
2020-07-31 12:30:59.106  INFO 16048 --- [main] com.zwk.BlogApplicationTests             : No active profile set, falling back to default profiles: default
2020-07-31 12:31:01.607  INFO 16048 --- [main] trationDelegate$BeanPostProcessorChecker : Bean 'shiroConfig' of type [com.zwk.config.ShiroConfig$$EnhancerBySpringCGLIB$$7bd49dbb] is not eligible for getting processed by all BeanPostProcessors (for example: not eligible for auto-proxying)
2020-07-31 12:31:01.837  INFO 16048 --- [main] trationDelegate$BeanPostProcessorChecker : Bean 'mybatis-plus-com.baomidou.mybatisplus.autoconfigure.MybatisPlusProperties' of type [com.baomidou.mybatisplus.autoconfigure.MybatisPlusProperties] is not eligible for getting processed by all BeanPostProcessors (for example: not eligible for auto-proxying)
2020-07-31 12:31:01.882  INFO 16048 --- [main] trationDelegate$BeanPostProcessorChecker : Bean 'com.baomidou.mybatisplus.autoconfigure.MybatisPlusAutoConfiguration' of type [com.baomidou.mybatisplus.autoconfigure.MybatisPlusAutoConfiguration$$EnhancerBySpringCGLIB$$ad9f0c7c] is not eligible for getting processed by all BeanPostProcessors (for example: not eligible for auto-proxying)
2020-07-31 12:31:01.932  INFO 16048 --- [main] trationDelegate$BeanPostProcessorChecker : Bean 'com.alibaba.druid.spring.boot.autoconfigure.DruidDataSourceAutoConfigure' of type [com.alibaba.druid.spring.boot.autoconfigure.DruidDataSourceAutoConfigure$$EnhancerBySpringCGLIB$$89829554] is not eligible for getting processed by all BeanPostProcessors (for example: not eligible for auto-proxying)
2020-07-31 12:31:01.942  INFO 16048 --- [main] c.a.d.s.b.a.DruidDataSourceAutoConfigure : Init DruidDataSource
2020-07-31 12:31:02.085  INFO 16048 --- [main] trationDelegate$BeanPostProcessorChecker : Bean 'spring.datasource-org.springframework.boot.autoconfigure.jdbc.DataSourceProperties' of type [org.springframework.boot.autoconfigure.jdbc.DataSourceProperties] is not eligible for getting processed by all BeanPostProcessors (for example: not eligible for auto-proxying)
2020-07-31 12:31:02.405  INFO 16048 --- [main] com.alibaba.druid.pool.DruidDataSource   : {dataSource-1} inited
2020-07-31 12:31:02.405  INFO 16048 --- [main] trationDelegate$BeanPostProcessorChecker : Bean 'dataSource' of type [com.alibaba.druid.spring.boot.autoconfigure.DruidDataSourceWrapper] is not eligible for getting processed by all BeanPostProcessors (for example: not eligible for auto-proxying)
2020-07-31 12:31:02.657  INFO 16048 --- [main] trationDelegate$BeanPostProcessorChecker : Bean 'org.springframework.boot.autoconfigure.jdbc.DataSourceInitializerInvoker' of type [org.springframework.boot.autoconfigure.jdbc.DataSourceInitializerInvoker] is not eligible for getting processed by all BeanPostProcessors (for example: not eligible for auto-proxying)
2020-07-31 12:31:02.682  INFO 16048 --- [main] trationDelegate$BeanPostProcessorChecker : Bean 'myMetaObjectHandler' of type [com.zwk.handler.MyMetaObjectHandler] is not eligible for getting processed by all BeanPostProcessors (for example: not eligible for auto-proxying)
2020-07-31 12:31:04.222  INFO 16048 --- [main] trationDelegate$BeanPostProcessorChecker : Bean 'sqlSessionFactory' of type [org.apache.ibatis.session.defaults.DefaultSqlSessionFactory] is not eligible for getting processed by all BeanPostProcessors (for example: not eligible for auto-proxying)
2020-07-31 12:31:04.249  INFO 16048 --- [main] trationDelegate$BeanPostProcessorChecker : Bean 'sqlSessionTemplate' of type [org.mybatis.spring.SqlSessionTemplate] is not eligible for getting processed by all BeanPostProcessors (for example: not eligible for auto-proxying)
2020-07-31 12:31:04.260  INFO 16048 --- [main] trationDelegate$BeanPostProcessorChecker : Bean 'userMapper' of type [org.mybatis.spring.mapper.MapperFactoryBean] is not eligible for getting processed by all BeanPostProcessors (for example: not eligible for auto-proxying)
2020-07-31 12:31:04.272  INFO 16048 --- [main] trationDelegate$BeanPostProcessorChecker : Bean 'userMapper' of type [com.sun.proxy.$Proxy78] is not eligible for getting processed by all BeanPostProcessors (for example: not eligible for auto-proxying)
2020-07-31 12:31:04.334  INFO 16048 --- [main] trationDelegate$BeanPostProcessorChecker : Bean 'userServiceImpl' of type [com.zwk.service.UserServiceImpl] is not eligible for getting processed by all BeanPostProcessors (for example: not eligible for auto-proxying)
2020-07-31 12:31:04.335  INFO 16048 --- [main] trationDelegate$BeanPostProcessorChecker : Bean 'userRelam' of type [com.zwk.config.UserRelam] is not eligible for getting processed by all BeanPostProcessors (for example: not eligible for auto-proxying)
2020-07-31 12:31:05.547  INFO 16048 --- [main] trationDelegate$BeanPostProcessorChecker : Bean 'getDefaultWebSecurityManager' of type [org.apache.shiro.web.mgt.DefaultWebSecurityManager] is not eligible for getting processed by all BeanPostProcessors (for example: not eligible for auto-proxying)
2020-07-31 12:31:08.535  INFO 16048 --- [main] o.s.s.concurrent.ThreadPoolTaskExecutor  : Initializing ExecutorService 'applicationTaskExecutor'
2020-07-31 12:31:08.750  INFO 16048 --- [main] o.s.b.a.w.s.WelcomePageHandlerMapping    : Adding welcome page template: index
2020-07-31 12:31:09.718  INFO 16048 --- [main] com.zwk.BlogApplicationTests             : Started BlogApplicationTests in 11.753 seconds (JVM running for 14.339)
2020-07-31 12:31:10.127  INFO 16048 --- [SpringContextShutdownHook] o.s.s.concurrent.ThreadPoolTaskExecutor  : Shutting down ExecutorService 'applicationTaskExecutor'
2020-07-31 12:31:10.129  INFO 16048 --- [SpringContextShutdownHook] com.alibaba.druid.pool.DruidDataSource   : {dataSource-1} closing ...
2020-07-31 12:31:10.132  INFO 16048 --- [SpringContextShutdownHook] com.alibaba.druid.pool.DruidDataSource   : {dataSource-1} closed
2020-07-31 12:37:20.262  INFO 16676 --- [main] com.zwk.BlogApplicationTests             : Starting BlogApplicationTests on DESKTOP-11MH91A with PID 16676 (started by mrz in D:\IdeaFile\blog)
2020-07-31 12:37:20.264 DEBUG 16676 --- [main] com.zwk.BlogApplicationTests             : Running with Spring Boot v2.3.1.RELEASE, Spring v5.2.7.RELEASE
2020-07-31 12:37:20.266  INFO 16676 --- [main] com.zwk.BlogApplicationTests             : No active profile set, falling back to default profiles: default
2020-07-31 12:37:22.703  INFO 16676 --- [main] trationDelegate$BeanPostProcessorChecker : Bean 'shiroConfig' of type [com.zwk.config.ShiroConfig$$EnhancerBySpringCGLIB$$dba53a4e] is not eligible for getting processed by all BeanPostProcessors (for example: not eligible for auto-proxying)
2020-07-31 12:37:22.940  INFO 16676 --- [main] trationDelegate$BeanPostProcessorChecker : Bean 'mybatis-plus-com.baomidou.mybatisplus.autoconfigure.MybatisPlusProperties' of type [com.baomidou.mybatisplus.autoconfigure.MybatisPlusProperties] is not eligible for getting processed by all BeanPostProcessors (for example: not eligible for auto-proxying)
2020-07-31 12:37:22.978  INFO 16676 --- [main] trationDelegate$BeanPostProcessorChecker : Bean 'com.baomidou.mybatisplus.autoconfigure.MybatisPlusAutoConfiguration' of type [com.baomidou.mybatisplus.autoconfigure.MybatisPlusAutoConfiguration$$EnhancerBySpringCGLIB$$d6fa90f] is not eligible for getting processed by all BeanPostProcessors (for example: not eligible for auto-proxying)
2020-07-31 12:37:23.000  INFO 16676 --- [main] trationDelegate$BeanPostProcessorChecker : Bean 'com.alibaba.druid.spring.boot.autoconfigure.DruidDataSourceAutoConfigure' of type [com.alibaba.druid.spring.boot.autoconfigure.DruidDataSourceAutoConfigure$$EnhancerBySpringCGLIB$$e95331e7] is not eligible for getting processed by all BeanPostProcessors (for example: not eligible for auto-proxying)
2020-07-31 12:37:23.008  INFO 16676 --- [main] c.a.d.s.b.a.DruidDataSourceAutoConfigure : Init DruidDataSource
2020-07-31 12:37:23.137  INFO 16676 --- [main] trationDelegate$BeanPostProcessorChecker : Bean 'spring.datasource-org.springframework.boot.autoconfigure.jdbc.DataSourceProperties' of type [org.springframework.boot.autoconfigure.jdbc.DataSourceProperties] is not eligible for getting processed by all BeanPostProcessors (for example: not eligible for auto-proxying)
2020-07-31 12:37:23.461  INFO 16676 --- [main] com.alibaba.druid.pool.DruidDataSource   : {dataSource-1} inited
2020-07-31 12:37:23.462  INFO 16676 --- [main] trationDelegate$BeanPostProcessorChecker : Bean 'dataSource' of type [com.alibaba.druid.spring.boot.autoconfigure.DruidDataSourceWrapper] is not eligible for getting processed by all BeanPostProcessors (for example: not eligible for auto-proxying)
2020-07-31 12:37:23.802  INFO 16676 --- [main] trationDelegate$BeanPostProcessorChecker : Bean 'org.springframework.boot.autoconfigure.jdbc.DataSourceInitializerInvoker' of type [org.springframework.boot.autoconfigure.jdbc.DataSourceInitializerInvoker] is not eligible for getting processed by all BeanPostProcessors (for example: not eligible for auto-proxying)
2020-07-31 12:37:23.854  INFO 16676 --- [main] trationDelegate$BeanPostProcessorChecker : Bean 'myMetaObjectHandler' of type [com.zwk.handler.MyMetaObjectHandler] is not eligible for getting processed by all BeanPostProcessors (for example: not eligible for auto-proxying)
2020-07-31 12:37:25.673  INFO 16676 --- [main] trationDelegate$BeanPostProcessorChecker : Bean 'sqlSessionFactory' of type [org.apache.ibatis.session.defaults.DefaultSqlSessionFactory] is not eligible for getting processed by all BeanPostProcessors (for example: not eligible for auto-proxying)
2020-07-31 12:37:25.696  INFO 16676 --- [main] trationDelegate$BeanPostProcessorChecker : Bean 'sqlSessionTemplate' of type [org.mybatis.spring.SqlSessionTemplate] is not eligible for getting processed by all BeanPostProcessors (for example: not eligible for auto-proxying)
2020-07-31 12:37:25.709  INFO 16676 --- [main] trationDelegate$BeanPostProcessorChecker : Bean 'userMapper' of type [org.mybatis.spring.mapper.MapperFactoryBean] is not eligible for getting processed by all BeanPostProcessors (for example: not eligible for auto-proxying)
2020-07-31 12:37:25.719  INFO 16676 --- [main] trationDelegate$BeanPostProcessorChecker : Bean 'userMapper' of type [com.sun.proxy.$Proxy78] is not eligible for getting processed by all BeanPostProcessors (for example: not eligible for auto-proxying)
2020-07-31 12:37:25.739  INFO 16676 --- [main] trationDelegate$BeanPostProcessorChecker : Bean 'userServiceImpl' of type [com.zwk.service.UserServiceImpl] is not eligible for getting processed by all BeanPostProcessors (for example: not eligible for auto-proxying)
2020-07-31 12:37:25.741  INFO 16676 --- [main] trationDelegate$BeanPostProcessorChecker : Bean 'userRelam' of type [com.zwk.config.UserRelam] is not eligible for getting processed by all BeanPostProcessors (for example: not eligible for auto-proxying)
2020-07-31 12:37:26.427  INFO 16676 --- [main] trationDelegate$BeanPostProcessorChecker : Bean 'getDefaultWebSecurityManager' of type [org.apache.shiro.web.mgt.DefaultWebSecurityManager] is not eligible for getting processed by all BeanPostProcessors (for example: not eligible for auto-proxying)
2020-07-31 12:37:27.636  INFO 16676 --- [main] o.s.s.concurrent.ThreadPoolTaskExecutor  : Initializing ExecutorService 'applicationTaskExecutor'
2020-07-31 12:37:27.852  INFO 16676 --- [main] o.s.b.a.w.s.WelcomePageHandlerMapping    : Adding welcome page template: index
2020-07-31 12:37:28.627  INFO 16676 --- [main] com.zwk.BlogApplicationTests             : Started BlogApplicationTests in 9.731 seconds (JVM running for 12.987)
2020-07-31 12:37:29.005  INFO 16676 --- [SpringContextShutdownHook] o.s.s.concurrent.ThreadPoolTaskExecutor  : Shutting down ExecutorService 'applicationTaskExecutor'
2020-07-31 12:37:29.010  INFO 16676 --- [SpringContextShutdownHook] com.alibaba.druid.pool.DruidDataSource   : {dataSource-1} closing ...
2020-07-31 12:37:29.013  INFO 16676 --- [SpringContextShutdownHook] com.alibaba.druid.pool.DruidDataSource   : {dataSource-1} closed
2020-07-31 12:38:47.298  INFO 5356 --- [main] com.zwk.BlogApplicationTests             : Starting BlogApplicationTests on DESKTOP-11MH91A with PID 5356 (started by mrz in D:\IdeaFile\blog)
2020-07-31 12:38:47.299 DEBUG 5356 --- [main] com.zwk.BlogApplicationTests             : Running with Spring Boot v2.3.1.RELEASE, Spring v5.2.7.RELEASE
2020-07-31 12:38:47.300  INFO 5356 --- [main] com.zwk.BlogApplicationTests             : No active profile set, falling back to default profiles: default
2020-07-31 12:38:49.352  INFO 5356 --- [main] trationDelegate$BeanPostProcessorChecker : Bean 'shiroConfig' of type [com.zwk.config.ShiroConfig$$EnhancerBySpringCGLIB$$1928ec31] is not eligible for getting processed by all BeanPostProcessors (for example: not eligible for auto-proxying)
2020-07-31 12:38:49.583  INFO 5356 --- [main] trationDelegate$BeanPostProcessorChecker : Bean 'mybatis-plus-com.baomidou.mybatisplus.autoconfigure.MybatisPlusProperties' of type [com.baomidou.mybatisplus.autoconfigure.MybatisPlusProperties] is not eligible for getting processed by all BeanPostProcessors (for example: not eligible for auto-proxying)
2020-07-31 12:38:49.620  INFO 5356 --- [main] trationDelegate$BeanPostProcessorChecker : Bean 'com.baomidou.mybatisplus.autoconfigure.MybatisPlusAutoConfiguration' of type [com.baomidou.mybatisplus.autoconfigure.MybatisPlusAutoConfiguration$$EnhancerBySpringCGLIB$$4af35af2] is not eligible for getting processed by all BeanPostProcessors (for example: not eligible for auto-proxying)
2020-07-31 12:38:49.644  INFO 5356 --- [main] trationDelegate$BeanPostProcessorChecker : Bean 'com.alibaba.druid.spring.boot.autoconfigure.DruidDataSourceAutoConfigure' of type [com.alibaba.druid.spring.boot.autoconfigure.DruidDataSourceAutoConfigure$$EnhancerBySpringCGLIB$$26d6e3ca] is not eligible for getting processed by all BeanPostProcessors (for example: not eligible for auto-proxying)
2020-07-31 12:38:49.650  INFO 5356 --- [main] c.a.d.s.b.a.DruidDataSourceAutoConfigure : Init DruidDataSource
2020-07-31 12:38:49.793  INFO 5356 --- [main] trationDelegate$BeanPostProcessorChecker : Bean 'spring.datasource-org.springframework.boot.autoconfigure.jdbc.DataSourceProperties' of type [org.springframework.boot.autoconfigure.jdbc.DataSourceProperties] is not eligible for getting processed by all BeanPostProcessors (for example: not eligible for auto-proxying)
2020-07-31 12:38:50.226  INFO 5356 --- [main] com.alibaba.druid.pool.DruidDataSource   : {dataSource-1} inited
2020-07-31 12:38:50.226  INFO 5356 --- [main] trationDelegate$BeanPostProcessorChecker : Bean 'dataSource' of type [com.alibaba.druid.spring.boot.autoconfigure.DruidDataSourceWrapper] is not eligible for getting processed by all BeanPostProcessors (for example: not eligible for auto-proxying)
2020-07-31 12:38:50.735  INFO 5356 --- [main] trationDelegate$BeanPostProcessorChecker : Bean 'org.springframework.boot.autoconfigure.jdbc.DataSourceInitializerInvoker' of type [org.springframework.boot.autoconfigure.jdbc.DataSourceInitializerInvoker] is not eligible for getting processed by all BeanPostProcessors (for example: not eligible for auto-proxying)
2020-07-31 12:38:50.795  INFO 5356 --- [main] trationDelegate$BeanPostProcessorChecker : Bean 'myMetaObjectHandler' of type [com.zwk.handler.MyMetaObjectHandler] is not eligible for getting processed by all BeanPostProcessors (for example: not eligible for auto-proxying)
2020-07-31 12:38:52.612  INFO 5356 --- [main] trationDelegate$BeanPostProcessorChecker : Bean 'sqlSessionFactory' of type [org.apache.ibatis.session.defaults.DefaultSqlSessionFactory] is not eligible for getting processed by all BeanPostProcessors (for example: not eligible for auto-proxying)
2020-07-31 12:38:52.635  INFO 5356 --- [main] trationDelegate$BeanPostProcessorChecker : Bean 'sqlSessionTemplate' of type [org.mybatis.spring.SqlSessionTemplate] is not eligible for getting processed by all BeanPostProcessors (for example: not eligible for auto-proxying)
2020-07-31 12:38:52.651  INFO 5356 --- [main] trationDelegate$BeanPostProcessorChecker : Bean 'userMapper' of type [org.mybatis.spring.mapper.MapperFactoryBean] is not eligible for getting processed by all BeanPostProcessors (for example: not eligible for auto-proxying)
2020-07-31 12:38:52.661  INFO 5356 --- [main] trationDelegate$BeanPostProcessorChecker : Bean 'userMapper' of type [com.sun.proxy.$Proxy78] is not eligible for getting processed by all BeanPostProcessors (for example: not eligible for auto-proxying)
2020-07-31 12:38:52.684  INFO 5356 --- [main] trationDelegate$BeanPostProcessorChecker : Bean 'userServiceImpl' of type [com.zwk.service.UserServiceImpl] is not eligible for getting processed by all BeanPostProcessors (for example: not eligible for auto-proxying)
2020-07-31 12:38:52.685  INFO 5356 --- [main] trationDelegate$BeanPostProcessorChecker : Bean 'userRelam' of type [com.zwk.config.UserRelam] is not eligible for getting processed by all BeanPostProcessors (for example: not eligible for auto-proxying)
2020-07-31 12:38:53.364  INFO 5356 --- [main] trationDelegate$BeanPostProcessorChecker : Bean 'getDefaultWebSecurityManager' of type [org.apache.shiro.web.mgt.DefaultWebSecurityManager] is not eligible for getting processed by all BeanPostProcessors (for example: not eligible for auto-proxying)
2020-07-31 12:38:54.712  INFO 5356 --- [main] o.s.s.concurrent.ThreadPoolTaskExecutor  : Initializing ExecutorService 'applicationTaskExecutor'
2020-07-31 12:38:55.041  INFO 5356 --- [main] o.s.b.a.w.s.WelcomePageHandlerMapping    : Adding welcome page template: index
2020-07-31 12:38:55.782  INFO 5356 --- [main] com.zwk.BlogApplicationTests             : Started BlogApplicationTests in 9.329 seconds (JVM running for 12.137)
2020-07-31 12:38:56.137  INFO 5356 --- [SpringContextShutdownHook] o.s.s.concurrent.ThreadPoolTaskExecutor  : Shutting down ExecutorService 'applicationTaskExecutor'
2020-07-31 12:38:56.139  INFO 5356 --- [SpringContextShutdownHook] com.alibaba.druid.pool.DruidDataSource   : {dataSource-1} closing ...
2020-07-31 12:38:56.142  INFO 5356 --- [SpringContextShutdownHook] com.alibaba.druid.pool.DruidDataSource   : {dataSource-1} closed
2020-07-31 12:43:24.240  INFO 16164 --- [main] com.zwk.BlogApplicationTests             : Starting BlogApplicationTests on DESKTOP-11MH91A with PID 16164 (started by mrz in D:\IdeaFile\blog)
2020-07-31 12:43:24.243 DEBUG 16164 --- [main] com.zwk.BlogApplicationTests             : Running with Spring Boot v2.3.1.RELEASE, Spring v5.2.7.RELEASE
2020-07-31 12:43:24.243  INFO 16164 --- [main] com.zwk.BlogApplicationTests             : No active profile set, falling back to default profiles: default
2020-07-31 12:43:26.234  INFO 16164 --- [main] trationDelegate$BeanPostProcessorChecker : Bean 'shiroConfig' of type [com.zwk.config.ShiroConfig$$EnhancerBySpringCGLIB$$bc0e0042] is not eligible for getting processed by all BeanPostProcessors (for example: not eligible for auto-proxying)
2020-07-31 12:43:26.455  INFO 16164 --- [main] trationDelegate$BeanPostProcessorChecker : Bean 'mybatis-plus-com.baomidou.mybatisplus.autoconfigure.MybatisPlusProperties' of type [com.baomidou.mybatisplus.autoconfigure.MybatisPlusProperties] is not eligible for getting processed by all BeanPostProcessors (for example: not eligible for auto-proxying)
2020-07-31 12:43:26.487  INFO 16164 --- [main] trationDelegate$BeanPostProcessorChecker : Bean 'com.baomidou.mybatisplus.autoconfigure.MybatisPlusAutoConfiguration' of type [com.baomidou.mybatisplus.autoconfigure.MybatisPlusAutoConfiguration$$EnhancerBySpringCGLIB$$edd86f03] is not eligible for getting processed by all BeanPostProcessors (for example: not eligible for auto-proxying)
2020-07-31 12:43:26.507  INFO 16164 --- [main] trationDelegate$BeanPostProcessorChecker : Bean 'com.alibaba.druid.spring.boot.autoconfigure.DruidDataSourceAutoConfigure' of type [com.alibaba.druid.spring.boot.autoconfigure.DruidDataSourceAutoConfigure$$EnhancerBySpringCGLIB$$c9bbf7db] is not eligible for getting processed by all BeanPostProcessors (for example: not eligible for auto-proxying)
2020-07-31 12:43:26.515  INFO 16164 --- [main] c.a.d.s.b.a.DruidDataSourceAutoConfigure : Init DruidDataSource
2020-07-31 12:43:26.608  INFO 16164 --- [main] trationDelegate$BeanPostProcessorChecker : Bean 'spring.datasource-org.springframework.boot.autoconfigure.jdbc.DataSourceProperties' of type [org.springframework.boot.autoconfigure.jdbc.DataSourceProperties] is not eligible for getting processed by all BeanPostProcessors (for example: not eligible for auto-proxying)
2020-07-31 12:43:26.951  INFO 16164 --- [main] com.alibaba.druid.pool.DruidDataSource   : {dataSource-1} inited
2020-07-31 12:43:26.951  INFO 16164 --- [main] trationDelegate$BeanPostProcessorChecker : Bean 'dataSource' of type [com.alibaba.druid.spring.boot.autoconfigure.DruidDataSourceWrapper] is not eligible for getting processed by all BeanPostProcessors (for example: not eligible for auto-proxying)
2020-07-31 12:43:27.125  INFO 16164 --- [main] trationDelegate$BeanPostProcessorChecker : Bean 'org.springframework.boot.autoconfigure.jdbc.DataSourceInitializerInvoker' of type [org.springframework.boot.autoconfigure.jdbc.DataSourceInitializerInvoker] is not eligible for getting processed by all BeanPostProcessors (for example: not eligible for auto-proxying)
2020-07-31 12:43:27.161  INFO 16164 --- [main] trationDelegate$BeanPostProcessorChecker : Bean 'myMetaObjectHandler' of type [com.zwk.handler.MyMetaObjectHandler] is not eligible for getting processed by all BeanPostProcessors (for example: not eligible for auto-proxying)
2020-07-31 12:43:28.411  INFO 16164 --- [main] trationDelegate$BeanPostProcessorChecker : Bean 'sqlSessionFactory' of type [org.apache.ibatis.session.defaults.DefaultSqlSessionFactory] is not eligible for getting processed by all BeanPostProcessors (for example: not eligible for auto-proxying)
2020-07-31 12:43:28.469  INFO 16164 --- [main] trationDelegate$BeanPostProcessorChecker : Bean 'sqlSessionTemplate' of type [org.mybatis.spring.SqlSessionTemplate] is not eligible for getting processed by all BeanPostProcessors (for example: not eligible for auto-proxying)
2020-07-31 12:43:28.483  INFO 16164 --- [main] trationDelegate$BeanPostProcessorChecker : Bean 'userMapper' of type [org.mybatis.spring.mapper.MapperFactoryBean] is not eligible for getting processed by all BeanPostProcessors (for example: not eligible for auto-proxying)
2020-07-31 12:43:28.502  INFO 16164 --- [main] trationDelegate$BeanPostProcessorChecker : Bean 'userMapper' of type [com.sun.proxy.$Proxy78] is not eligible for getting processed by all BeanPostProcessors (for example: not eligible for auto-proxying)
2020-07-31 12:43:28.537  INFO 16164 --- [main] trationDelegate$BeanPostProcessorChecker : Bean 'userServiceImpl' of type [com.zwk.service.UserServiceImpl] is not eligible for getting processed by all BeanPostProcessors (for example: not eligible for auto-proxying)
2020-07-31 12:43:28.538  INFO 16164 --- [main] trationDelegate$BeanPostProcessorChecker : Bean 'userRelam' of type [com.zwk.config.UserRelam] is not eligible for getting processed by all BeanPostProcessors (for example: not eligible for auto-proxying)
2020-07-31 12:43:29.877  INFO 16164 --- [main] trationDelegate$BeanPostProcessorChecker : Bean 'getDefaultWebSecurityManager' of type [org.apache.shiro.web.mgt.DefaultWebSecurityManager] is not eligible for getting processed by all BeanPostProcessors (for example: not eligible for auto-proxying)
2020-07-31 12:43:31.747  INFO 16164 --- [main] o.s.s.concurrent.ThreadPoolTaskExecutor  : Initializing ExecutorService 'applicationTaskExecutor'
2020-07-31 12:43:31.976  INFO 16164 --- [main] o.s.b.a.w.s.WelcomePageHandlerMapping    : Adding welcome page template: index
2020-07-31 12:43:32.754  INFO 16164 --- [main] com.zwk.BlogApplicationTests             : Started BlogApplicationTests in 9.62 seconds (JVM running for 12.081)
2020-07-31 12:43:33.111  INFO 16164 --- [SpringContextShutdownHook] o.s.s.concurrent.ThreadPoolTaskExecutor  : Shutting down ExecutorService 'applicationTaskExecutor'
2020-07-31 12:43:33.114  INFO 16164 --- [SpringContextShutdownHook] com.alibaba.druid.pool.DruidDataSource   : {dataSource-1} closing ...
2020-07-31 12:43:33.117  INFO 16164 --- [SpringContextShutdownHook] com.alibaba.druid.pool.DruidDataSource   : {dataSource-1} closed
2020-07-31 12:45:00.633  INFO 7036 --- [main] com.zwk.BlogApplicationTests             : Starting BlogApplicationTests on DESKTOP-11MH91A with PID 7036 (started by mrz in D:\IdeaFile\blog)
2020-07-31 12:45:00.635 DEBUG 7036 --- [main] com.zwk.BlogApplicationTests             : Running with Spring Boot v2.3.1.RELEASE, Spring v5.2.7.RELEASE
2020-07-31 12:45:00.641  INFO 7036 --- [main] com.zwk.BlogApplicationTests             : No active profile set, falling back to default profiles: default
2020-07-31 12:45:03.066  INFO 7036 --- [main] trationDelegate$BeanPostProcessorChecker : Bean 'shiroConfig' of type [com.zwk.config.ShiroConfig$$EnhancerBySpringCGLIB$$b962d8a6] is not eligible for getting processed by all BeanPostProcessors (for example: not eligible for auto-proxying)
2020-07-31 12:45:03.355  INFO 7036 --- [main] trationDelegate$BeanPostProcessorChecker : Bean 'mybatis-plus-com.baomidou.mybatisplus.autoconfigure.MybatisPlusProperties' of type [com.baomidou.mybatisplus.autoconfigure.MybatisPlusProperties] is not eligible for getting processed by all BeanPostProcessors (for example: not eligible for auto-proxying)
2020-07-31 12:45:03.397  INFO 7036 --- [main] trationDelegate$BeanPostProcessorChecker : Bean 'com.baomidou.mybatisplus.autoconfigure.MybatisPlusAutoConfiguration' of type [com.baomidou.mybatisplus.autoconfigure.MybatisPlusAutoConfiguration$$EnhancerBySpringCGLIB$$eb2d4767] is not eligible for getting processed by all BeanPostProcessors (for example: not eligible for auto-proxying)
2020-07-31 12:45:03.421  INFO 7036 --- [main] trationDelegate$BeanPostProcessorChecker : Bean 'com.alibaba.druid.spring.boot.autoconfigure.DruidDataSourceAutoConfigure' of type [com.alibaba.druid.spring.boot.autoconfigure.DruidDataSourceAutoConfigure$$EnhancerBySpringCGLIB$$c710d03f] is not eligible for getting processed by all BeanPostProcessors (for example: not eligible for auto-proxying)
2020-07-31 12:45:03.458  INFO 7036 --- [main] c.a.d.s.b.a.DruidDataSourceAutoConfigure : Init DruidDataSource
2020-07-31 12:45:03.586  INFO 7036 --- [main] trationDelegate$BeanPostProcessorChecker : Bean 'spring.datasource-org.springframework.boot.autoconfigure.jdbc.DataSourceProperties' of type [org.springframework.boot.autoconfigure.jdbc.DataSourceProperties] is not eligible for getting processed by all BeanPostProcessors (for example: not eligible for auto-proxying)
2020-07-31 12:45:03.919  INFO 7036 --- [main] com.alibaba.druid.pool.DruidDataSource   : {dataSource-1} inited
2020-07-31 12:45:03.919  INFO 7036 --- [main] trationDelegate$BeanPostProcessorChecker : Bean 'dataSource' of type [com.alibaba.druid.spring.boot.autoconfigure.DruidDataSourceWrapper] is not eligible for getting processed by all BeanPostProcessors (for example: not eligible for auto-proxying)
2020-07-31 12:45:04.066  INFO 7036 --- [main] trationDelegate$BeanPostProcessorChecker : Bean 'org.springframework.boot.autoconfigure.jdbc.DataSourceInitializerInvoker' of type [org.springframework.boot.autoconfigure.jdbc.DataSourceInitializerInvoker] is not eligible for getting processed by all BeanPostProcessors (for example: not eligible for auto-proxying)
2020-07-31 12:45:04.106  INFO 7036 --- [main] trationDelegate$BeanPostProcessorChecker : Bean 'myMetaObjectHandler' of type [com.zwk.handler.MyMetaObjectHandler] is not eligible for getting processed by all BeanPostProcessors (for example: not eligible for auto-proxying)
2020-07-31 12:45:05.409  INFO 7036 --- [main] trationDelegate$BeanPostProcessorChecker : Bean 'sqlSessionFactory' of type [org.apache.ibatis.session.defaults.DefaultSqlSessionFactory] is not eligible for getting processed by all BeanPostProcessors (for example: not eligible for auto-proxying)
2020-07-31 12:45:05.432  INFO 7036 --- [main] trationDelegate$BeanPostProcessorChecker : Bean 'sqlSessionTemplate' of type [org.mybatis.spring.SqlSessionTemplate] is not eligible for getting processed by all BeanPostProcessors (for example: not eligible for auto-proxying)
2020-07-31 12:45:05.445  INFO 7036 --- [main] trationDelegate$BeanPostProcessorChecker : Bean 'userMapper' of type [org.mybatis.spring.mapper.MapperFactoryBean] is not eligible for getting processed by all BeanPostProcessors (for example: not eligible for auto-proxying)
2020-07-31 12:45:05.452  INFO 7036 --- [main] trationDelegate$BeanPostProcessorChecker : Bean 'userMapper' of type [com.sun.proxy.$Proxy78] is not eligible for getting processed by all BeanPostProcessors (for example: not eligible for auto-proxying)
2020-07-31 12:45:05.477  INFO 7036 --- [main] trationDelegate$BeanPostProcessorChecker : Bean 'userServiceImpl' of type [com.zwk.service.UserServiceImpl] is not eligible for getting processed by all BeanPostProcessors (for example: not eligible for auto-proxying)
2020-07-31 12:45:05.478  INFO 7036 --- [main] trationDelegate$BeanPostProcessorChecker : Bean 'userRelam' of type [com.zwk.config.UserRelam] is not eligible for getting processed by all BeanPostProcessors (for example: not eligible for auto-proxying)
2020-07-31 12:45:06.551  INFO 7036 --- [main] trationDelegate$BeanPostProcessorChecker : Bean 'getDefaultWebSecurityManager' of type [org.apache.shiro.web.mgt.DefaultWebSecurityManager] is not eligible for getting processed by all BeanPostProcessors (for example: not eligible for auto-proxying)
2020-07-31 12:45:08.075  INFO 7036 --- [main] o.s.s.concurrent.ThreadPoolTaskExecutor  : Initializing ExecutorService 'applicationTaskExecutor'
2020-07-31 12:45:08.310  INFO 7036 --- [main] o.s.b.a.w.s.WelcomePageHandlerMapping    : Adding welcome page template: index
2020-07-31 12:45:09.034  INFO 7036 --- [main] com.zwk.BlogApplicationTests             : Started BlogApplicationTests in 9.476 seconds (JVM running for 11.878)
2020-07-31 12:45:09.392  INFO 7036 --- [SpringContextShutdownHook] o.s.s.concurrent.ThreadPoolTaskExecutor  : Shutting down ExecutorService 'applicationTaskExecutor'
2020-07-31 12:45:09.394  INFO 7036 --- [SpringContextShutdownHook] com.alibaba.druid.pool.DruidDataSource   : {dataSource-1} closing ...
2020-07-31 12:45:09.397  INFO 7036 --- [SpringContextShutdownHook] com.alibaba.druid.pool.DruidDataSource   : {dataSource-1} closed
